This is pdfTeX, Version 3.14159265-2.6-1.40.21 (TeX Live 2020/Arch Linux) (preloaded format=latex 2020.10.6)  14 OCT 2020 00:11
entering extended mode
 restricted \write18 enabled.
 %&-line parsing enabled.
**\\RequirePackage{myfilist}[2012/10/11]\\EmptyFileList \NoBottomLines \ReadLis
tFileInfos{--help}

! Emergency stop.
 ...                                              
                                                  
<*> \\R
       equirePackage{myfilist}[2012/10/11]\\EmptyFileList \NoBottomLines \Re...

Your command was ignored.
Type  I <command> <return>  to replace it with another command,
or  <return>  to continue without it.

 
Here is how much of TeX's memory you used:
 14 strings out of 480479
 497 string characters out of 5905985
 239144 words of memory out of 5000000
 16142 multiletter control sequences out of 15000+600000
 532338 words of font info for 24 fonts, out of 8000000 for 9000
 1141 hyphenation exceptions out of 8191
 11i,0n,15p,126b,14s stack positions out of 5000i,500n,10000p,200000b,80000s
No pages of output.
